2017-05-21 21:27:24.748  INFO 8140 --- [main] c.c.c.ConfigServicePropertySourceLocator : Fetching config from server at: http://config-server:8888
2017-05-21 21:27:31.628  WARN 8140 --- [main] o.s.boot.SpringApplication               : Error handling failed (ApplicationEventMulticaster not initialized - call 'refresh' before multicasting events via the context: org.springframework.boot.context.embedded.AnnotationConfigEmbeddedWebApplicationContext@4bff1903: startup date [Thu Jan 01 01:00:00 CET 1970]; parent: org.springframework.context.annotation.AnnotationConfigApplicationContext@d35dea7)
2017-05-21 21:27:31.643 ERROR 8140 --- [main] o.s.boot.SpringApplication               : Application startup failed

java.lang.IllegalStateException: Could not locate PropertySource and the fail fast property is set, failing
	at org.springframework.cloud.config.client.ConfigServicePropertySourceLocator.locate(ConfigServicePropertySourceLocator.java:132) ~[spring-cloud-config-client-1.3.0.RELEASE.jar:1.3.0.RELEASE]
	at org.springframework.cloud.bootstrap.config.PropertySourceBootstrapConfiguration.initialize(PropertySourceBootstrapConfiguration.java:93) ~[spring-cloud-context-1.2.0.RELEASE.jar:1.2.0.RELEASE]
	at org.springframework.boot.SpringApplication.applyInitializers(SpringApplication.java:611) [spring-boot-1.5.3.RELEASE.jar:1.5.3.RELEASE]
	at org.springframework.boot.SpringApplication.prepareContext(SpringApplication.java:348) [spring-boot-1.5.3.RELEASE.jar:1.5.3.RELEASE]
	at org.springframework.boot.SpringApplication.run(SpringApplication.java:312) [spring-boot-1.5.3.RELEASE.jar:1.5.3.RELEASE]
	at org.springframework.boot.SpringApplication.run(SpringApplication.java:1162) [spring-boot-1.5.3.RELEASE.jar:1.5.3.RELEASE]
	at org.springframework.boot.SpringApplication.run(SpringApplication.java:1151) [spring-boot-1.5.3.RELEASE.jar:1.5.3.RELEASE]
	at com.fastest.server.registry.Application.main(Application.java:16) [main/:na]
Caused by: org.springframework.web.client.ResourceAccessException: I/O error on GET request for "http://config-server:8888/eureka-server/default": config-server; nested exception is java.net.UnknownHostException: config-server
	at org.springframework.web.client.RestTemplate.doExecute(RestTemplate.java:666) ~[spring-web-4.3.8.RELEASE.jar:4.3.8.RELEASE]
	at org.springframework.web.client.RestTemplate.execute(RestTemplate.java:613) ~[spring-web-4.3.8.RELEASE.jar:4.3.8.RELEASE]
	at org.springframework.web.client.RestTemplate.exchange(RestTemplate.java:531) ~[spring-web-4.3.8.RELEASE.jar:4.3.8.RELEASE]
	at org.springframework.cloud.config.client.ConfigServicePropertySourceLocator.getRemoteEnvironment(ConfigServicePropertySourceLocator.java:172) ~[spring-cloud-config-client-1.3.0.RELEASE.jar:1.3.0.RELEASE]
	at org.springframework.cloud.config.client.ConfigServicePropertySourceLocator.locate(ConfigServicePropertySourceLocator.java:93) ~[spring-cloud-config-client-1.3.0.RELEASE.jar:1.3.0.RELEASE]
	... 7 common frames omitted
Caused by: java.net.UnknownHostException: config-server
	at java.net.AbstractPlainSocketImpl.connect(AbstractPlainSocketImpl.java:184) ~[na:1.8.0_66]
	at java.net.PlainSocketImpl.connect(PlainSocketImpl.java:172) ~[na:1.8.0_66]
	at java.net.SocksSocketImpl.connect(SocksSocketImpl.java:392) ~[na:1.8.0_66]
	at java.net.Socket.connect(Socket.java:589) ~[na:1.8.0_66]
	at java.net.Socket.connect(Socket.java:538) ~[na:1.8.0_66]
	at sun.net.NetworkClient.doConnect(NetworkClient.java:180) ~[na:1.8.0_66]
	at sun.net.www.http.HttpClient.openServer(HttpClient.java:432) ~[na:1.8.0_66]
	at sun.net.www.http.HttpClient.openServer(HttpClient.java:527) ~[na:1.8.0_66]
	at sun.net.www.http.HttpClient.<init>(HttpClient.java:211) ~[na:1.8.0_66]
	at sun.net.www.http.HttpClient.New(HttpClient.java:308) ~[na:1.8.0_66]
	at sun.net.www.http.HttpClient.New(HttpClient.java:326) ~[na:1.8.0_66]
	at sun.net.www.protocol.http.HttpURLConnection.getNewHttpClient(HttpURLConnection.java:1169) ~[na:1.8.0_66]
	at sun.net.www.protocol.http.HttpURLConnection.plainConnect0(HttpURLConnection.java:1105) ~[na:1.8.0_66]
	at sun.net.www.protocol.http.HttpURLConnection.plainConnect(HttpURLConnection.java:999) ~[na:1.8.0_66]
	at sun.net.www.protocol.http.HttpURLConnection.connect(HttpURLConnection.java:933) ~[na:1.8.0_66]
	at org.springframework.http.client.SimpleBufferingClientHttpRequest.executeInternal(SimpleBufferingClientHttpRequest.java:78) ~[spring-web-4.3.8.RELEASE.jar:4.3.8.RELEASE]
	at org.springframework.http.client.AbstractBufferingClientHttpRequest.executeInternal(AbstractBufferingClientHttpRequest.java:48) ~[spring-web-4.3.8.RELEASE.jar:4.3.8.RELEASE]
	at org.springframework.http.client.AbstractClientHttpRequest.execute(AbstractClientHttpRequest.java:53) ~[spring-web-4.3.8.RELEASE.jar:4.3.8.RELEASE]
	at org.springframework.web.client.RestTemplate.doExecute(RestTemplate.java:652) ~[spring-web-4.3.8.RELEASE.jar:4.3.8.RELEASE]
	... 11 common frames omitted

2017-05-21 21:28:44.462  INFO 2732 --- [main] c.c.c.ConfigServicePropertySourceLocator : Fetching config from server at: http://localhost:8888
2017-05-21 21:28:46.106  INFO 2732 --- [main] c.c.c.ConfigServicePropertySourceLocator : Located environment: name=eureka-server, profiles=[default], label=null, version=null, state=null
2017-05-21 21:28:46.130  INFO 2732 --- [main] b.c.PropertySourceBootstrapConfiguration : Located property source: CompositePropertySource [name='configService', propertySources=[]]
2017-05-21 21:28:46.223  INFO 2732 --- [main] com.fastest.server.registry.Application  : No active profile set, falling back to default profiles: default
2017-05-21 21:28:46.254  INFO 2732 --- [main] ationConfigEmbeddedWebApplicationContext : Refreshing org.springframework.boot.context.embedded.AnnotationConfigEmbeddedWebApplicationContext@e077866: startup date [Sun May 21 21:28:46 CEST 2017]; parent: org.springframework.context.annotation.AnnotationConfigApplicationContext@d35dea7
2017-05-21 21:28:47.548  INFO 2732 --- [main] o.s.cloud.context.scope.GenericScope     : BeanFactory id=e5b02ec3-e97d-30e2-8a7a-53242a01ba78
2017-05-21 21:28:47.586  INFO 2732 --- [main] f.a.AutowiredAnnotationBeanPostProcessor : JSR-330 'javax.inject.Inject' annotation found and supported for autowiring
2017-05-21 21:28:47.687  INFO 2732 --- [main] trationDelegate$BeanPostProcessorChecker : Bean 'org.springframework.cloud.netflix.metrics.MetricsInterceptorConfiguration$MetricsRestTemplateConfiguration' of type [org.springframework.cloud.netflix.metrics.MetricsInterceptorConfiguration$MetricsRestTemplateConfiguration$$EnhancerBySpringCGLIB$$f5122dfb] is not eligible for getting processed by all BeanPostProcessors (for example: not eligible for auto-proxying)
2017-05-21 21:28:47.699  INFO 2732 --- [main] trationDelegate$BeanPostProcessorChecker : Bean 'org.springframework.cloud.autoconfigure.ConfigurationPropertiesRebinderAutoConfiguration' of type [org.springframework.cloud.autoconfigure.ConfigurationPropertiesRebinderAutoConfiguration$$EnhancerBySpringCGLIB$$deff8ab7] is not eligible for getting processed by all BeanPostProcessors (for example: not eligible for auto-proxying)
2017-05-21 21:28:48.040  INFO 2732 --- [main] org.xnio                                 : XNIO version 3.3.6.Final
2017-05-21 21:28:48.058  INFO 2732 --- [main] org.xnio.nio                             : XNIO NIO Implementation Version 3.3.6.Final
2017-05-21 21:28:48.116  WARN 2732 --- [main] io.undertow.websockets.jsr               : UT026009: XNIO worker was not set on WebSocketDeploymentInfo, the default worker will be used
2017-05-21 21:28:48.116  WARN 2732 --- [main] io.undertow.websockets.jsr               : UT026010: Buffer pool was not set on WebSocketDeploymentInfo, the default pool will be used
2017-05-21 21:28:48.142  INFO 2732 --- [main] io.undertow.servlet                      : Initializing Spring embedded WebApplicationContext
2017-05-21 21:28:48.142  INFO 2732 --- [main] o.s.web.context.ContextLoader            : Root WebApplicationContext: initialization completed in 1888 ms
2017-05-21 21:28:48.892  INFO 2732 --- [main] o.s.b.w.servlet.FilterRegistrationBean   : Mapping filter: 'metricsFilter' to: [/*]
2017-05-21 21:28:48.904  INFO 2732 --- [main] o.s.b.w.servlet.FilterRegistrationBean   : Mapping filter: 'characterEncodingFilter' to: [/*]
2017-05-21 21:28:48.915  INFO 2732 --- [main] o.s.b.w.servlet.FilterRegistrationBean   : Mapping filter: 'hiddenHttpMethodFilter' to: [/*]
2017-05-21 21:28:48.915  INFO 2732 --- [main] o.s.b.w.servlet.FilterRegistrationBean   : Mapping filter: 'httpPutFormContentFilter' to: [/*]
2017-05-21 21:28:48.923  INFO 2732 --- [main] o.s.b.w.servlet.FilterRegistrationBean   : Mapping filter: 'requestContextFilter' to: [/*]
2017-05-21 21:28:48.923  INFO 2732 --- [main] o.s.b.w.servlet.FilterRegistrationBean   : Mapping filter: 'webRequestTraceFilter' to: [/*]
2017-05-21 21:28:48.924  INFO 2732 --- [main] o.s.b.w.servlet.FilterRegistrationBean   : Mapping filter: 'servletContainer' to urls: [/eureka/*]
2017-05-21 21:28:48.924  INFO 2732 --- [main] o.s.b.w.servlet.FilterRegistrationBean   : Mapping filter: 'applicationContextIdFilter' to: [/*]
2017-05-21 21:28:48.924  INFO 2732 --- [main] o.s.b.w.servlet.ServletRegistrationBean  : Mapping servlet: 'dispatcherServlet' to [/]
2017-05-21 21:28:50.205  INFO 2732 --- [main] o.s.cloud.commons.util.InetUtils         : Cannot determine local hostname
2017-05-21 21:28:50.732  INFO 2732 --- [main] s.w.s.m.m.a.RequestMappingHandlerAdapter : Looking for @ControllerAdvice: org.springframework.boot.context.embedded.AnnotationConfigEmbeddedWebApplicationContext@e077866: startup date [Sun May 21 21:28:46 CEST 2017]; parent: org.springframework.context.annotation.AnnotationConfigApplicationContext@d35dea7
2017-05-21 21:28:50.983  INFO 2732 --- [main] s.w.s.m.m.a.RequestMappingHandlerMapping : Mapped "{[/error]}" onto public org.springframework.http.ResponseEntity<java.util.Map<java.lang.String, java.lang.Object>> org.springframework.boot.autoconfigure.web.BasicErrorController.error(javax.servlet.http.HttpServletRequest)
2017-05-21 21:28:50.992  INFO 2732 --- [main] s.w.s.m.m.a.RequestMappingHandlerMapping : Mapped "{[/error],produces=[text/html]}" onto public org.springframework.web.servlet.ModelAndView org.springframework.boot.autoconfigure.web.BasicErrorController.errorHtml(javax.servlet.http.HttpServletRequest,javax.servlet.http.HttpServletResponse)
2017-05-21 21:28:51.000  INFO 2732 --- [main] s.w.s.m.m.a.RequestMappingHandlerMapping : Mapped "{[/],methods=[GET]}" onto public java.lang.String org.springframework.cloud.netflix.eureka.server.EurekaController.status(javax.servlet.http.HttpServletRequest,java.util.Map<java.lang.String, java.lang.Object>)
2017-05-21 21:28:51.007  INFO 2732 --- [main] s.w.s.m.m.a.RequestMappingHandlerMapping : Mapped "{[/lastn],methods=[GET]}" onto public java.lang.String org.springframework.cloud.netflix.eureka.server.EurekaController.lastn(javax.servlet.http.HttpServletRequest,java.util.Map<java.lang.String, java.lang.Object>)
2017-05-21 21:28:51.056  INFO 2732 --- [main] o.s.w.s.handler.SimpleUrlHandlerMapping  : Mapped URL path [/webjars/**] onto handler of type [class org.springframework.web.servlet.resource.ResourceHttpRequestHandler]
2017-05-21 21:28:51.064  INFO 2732 --- [main] o.s.w.s.handler.SimpleUrlHandlerMapping  : Mapped URL path [/**] onto handler of type [class org.springframework.web.servlet.resource.ResourceHttpRequestHandler]
2017-05-21 21:28:51.134  INFO 2732 --- [main] o.s.w.s.handler.SimpleUrlHandlerMapping  : Mapped URL path [/**/favicon.ico] onto handler of type [class org.springframework.web.servlet.resource.ResourceHttpRequestHandler]
2017-05-21 21:28:51.842  INFO 2732 --- [main] o.s.b.a.e.mvc.EndpointHandlerMapping     : Mapped "{[/auditevents || /auditevents.json],methods=[GET],produces=[application/vnd.spring-boot.actuator.v1+json || application/json]}" onto public org.springframework.http.ResponseEntity<?> org.springframework.boot.actuate.endpoint.mvc.AuditEventsMvcEndpoint.findByPrincipalAndAfterAndType(java.lang.String,java.util.Date,java.lang.String)
2017-05-21 21:28:51.843  INFO 2732 --- [main] o.s.b.a.e.mvc.EndpointHandlerMapping     : Mapped "{[/logfile || /logfile.json],methods=[GET || HEAD]}" onto public void org.springframework.boot.actuate.endpoint.mvc.LogFileMvcEndpoint.invoke(javax.servlet.http.HttpServletRequest,javax.servlet.http.HttpServletResponse) throws javax.servlet.ServletException,java.io.IOException
2017-05-21 21:28:51.851  INFO 2732 --- [main] o.s.b.a.e.mvc.EndpointHandlerMapping     : Mapped "{[/mappings || /mappings.json],methods=[GET],produces=[application/vnd.spring-boot.actuator.v1+json || application/json]}" onto public java.lang.Object org.springframework.boot.actuate.endpoint.mvc.EndpointMvcAdapter.invoke()
2017-05-21 21:28:51.852  INFO 2732 --- [main] o.s.b.a.e.mvc.EndpointHandlerMapping     : Mapped "{[/env/{name:.*}],methods=[GET],produces=[application/vnd.spring-boot.actuator.v1+json || application/json]}" onto public java.lang.Object org.springframework.boot.actuate.endpoint.mvc.EnvironmentMvcEndpoint.value(java.lang.String)
2017-05-21 21:28:51.853  INFO 2732 --- [main] o.s.b.a.e.mvc.EndpointHandlerMapping     : Mapped "{[/env || /env.json],methods=[GET],produces=[application/vnd.spring-boot.actuator.v1+json || application/json]}" onto public java.lang.Object org.springframework.boot.actuate.endpoint.mvc.EndpointMvcAdapter.invoke()
2017-05-21 21:28:51.855  INFO 2732 --- [main] o.s.b.a.e.mvc.EndpointHandlerMapping     : Mapped "{[/pause || /pause.json],methods=[POST]}" onto public java.lang.Object org.springframework.cloud.endpoint.GenericPostableMvcEndpoint.invoke()
2017-05-21 21:28:51.856  INFO 2732 --- [main] o.s.b.a.e.mvc.EndpointHandlerMapping     : Mapped "{[/features || /features.json],methods=[GET],produces=[application/vnd.spring-boot.actuator.v1+json || application/json]}" onto public java.lang.Object org.springframework.boot.actuate.endpoint.mvc.EndpointMvcAdapter.invoke()
2017-05-21 21:28:51.857  INFO 2732 --- [main] o.s.b.a.e.mvc.EndpointHandlerMapping     : Mapped "{[/dump || /dump.json],methods=[GET],produces=[application/vnd.spring-boot.actuator.v1+json || application/json]}" onto public java.lang.Object org.springframework.boot.actuate.endpoint.mvc.EndpointMvcAdapter.invoke()
2017-05-21 21:28:51.860  INFO 2732 --- [main] o.s.b.a.e.mvc.EndpointHandlerMapping     : Mapped "{[/info || /info.json],methods=[GET],produces=[application/vnd.spring-boot.actuator.v1+json || application/json]}" onto public java.lang.Object org.springframework.boot.actuate.endpoint.mvc.EndpointMvcAdapter.invoke()
2017-05-21 21:28:51.861  INFO 2732 --- [main] o.s.b.a.e.mvc.EndpointHandlerMapping     : Mapped "{[/resume || /resume.json],methods=[POST]}" onto public java.lang.Object org.springframework.cloud.endpoint.GenericPostableMvcEndpoint.invoke()
2017-05-21 21:28:51.871  INFO 2732 --- [main] o.s.b.a.e.mvc.EndpointHandlerMapping     : Mapped "{[/autoconfig || /autoconfig.json],methods=[GET],produces=[application/vnd.spring-boot.actuator.v1+json || application/json]}" onto public java.lang.Object org.springframework.boot.actuate.endpoint.mvc.EndpointMvcAdapter.invoke()
2017-05-21 21:28:51.872  INFO 2732 --- [main] o.s.b.a.e.mvc.EndpointHandlerMapping     : Mapped "{[/heapdump || /heapdump.json],methods=[GET],produces=[application/octet-stream]}" onto public void org.springframework.boot.actuate.endpoint.mvc.HeapdumpMvcEndpoint.invoke(boolean,javax.servlet.http.HttpServletRequest,javax.servlet.http.HttpServletResponse) throws java.io.IOException,javax.servlet.ServletException
2017-05-21 21:28:51.874  INFO 2732 --- [main] o.s.b.a.e.mvc.EndpointHandlerMapping     : Mapped "{[/configprops || /configprops.json],methods=[GET],produces=[application/vnd.spring-boot.actuator.v1+json || application/json]}" onto public java.lang.Object org.springframework.boot.actuate.endpoint.mvc.EndpointMvcAdapter.invoke()
2017-05-21 21:28:51.875  INFO 2732 --- [main] o.s.b.a.e.mvc.EndpointHandlerMapping     : Mapped "{[/beans || /beans.json],methods=[GET],produces=[application/vnd.spring-boot.actuator.v1+json || application/json]}" onto public java.lang.Object org.springframework.boot.actuate.endpoint.mvc.EndpointMvcAdapter.invoke()
2017-05-21 21:28:51.876  INFO 2732 --- [main] o.s.b.a.e.mvc.EndpointHandlerMapping     : Mapped "{[/health || /health.json],methods=[GET],produces=[application/vnd.spring-boot.actuator.v1+json || application/json]}" onto public java.lang.Object org.springframework.boot.actuate.endpoint.mvc.HealthMvcEndpoint.invoke(javax.servlet.http.HttpServletRequest,java.security.Principal)
2017-05-21 21:28:51.877  INFO 2732 --- [main] o.s.b.a.e.mvc.EndpointHandlerMapping     : Mapped "{[/refresh || /refresh.json],methods=[POST]}" onto public java.lang.Object org.springframework.cloud.endpoint.GenericPostableMvcEndpoint.invoke()
2017-05-21 21:28:51.878  INFO 2732 --- [main] o.s.b.a.e.mvc.EndpointHandlerMapping     : Mapped "{[/trace || /trace.json],methods=[GET],produces=[application/vnd.spring-boot.actuator.v1+json || application/json]}" onto public java.lang.Object org.springframework.boot.actuate.endpoint.mvc.EndpointMvcAdapter.invoke()
2017-05-21 21:28:51.880  INFO 2732 --- [main] o.s.b.a.e.mvc.EndpointHandlerMapping     : Mapped "{[/service-registry/instance-status],methods=[POST]}" onto public org.springframework.http.ResponseEntity<?> org.springframework.cloud.client.serviceregistry.endpoint.ServiceRegistryEndpoint.setStatus(java.lang.String)
2017-05-21 21:28:51.889  INFO 2732 --- [main] o.s.b.a.e.mvc.EndpointHandlerMapping     : Mapped "{[/service-registry/instance-status],methods=[GET]}" onto public org.springframework.http.ResponseEntity org.springframework.cloud.client.serviceregistry.endpoint.ServiceRegistryEndpoint.getStatus()
2017-05-21 21:28:51.890  INFO 2732 --- [main] o.s.b.a.e.mvc.EndpointHandlerMapping     : Mapped "{[/restart || /restart.json],methods=[POST]}" onto public java.lang.Object org.springframework.cloud.context.restart.RestartMvcEndpoint.invoke()
2017-05-21 21:28:51.891  INFO 2732 --- [main] o.s.b.a.e.mvc.EndpointHandlerMapping     : Mapped "{[/env],methods=[POST]}" onto public java.lang.Object org.springframework.cloud.context.environment.EnvironmentManagerMvcEndpoint.value(java.util.Map<java.lang.String, java.lang.String>)
2017-05-21 21:28:51.891  INFO 2732 --- [main] o.s.b.a.e.mvc.EndpointHandlerMapping     : Mapped "{[/env/reset],methods=[POST]}" onto public java.util.Map<java.lang.String, java.lang.Object> org.springframework.cloud.context.environment.EnvironmentManagerMvcEndpoint.reset()
2017-05-21 21:28:51.892  INFO 2732 --- [main] o.s.b.a.e.mvc.EndpointHandlerMapping     : Mapped "{[/archaius || /archaius.json],methods=[GET],produces=[application/vnd.spring-boot.actuator.v1+json || application/json]}" onto public java.lang.Object org.springframework.boot.actuate.endpoint.mvc.EndpointMvcAdapter.invoke()
2017-05-21 21:28:51.893  INFO 2732 --- [main] o.s.b.a.e.mvc.EndpointHandlerMapping     : Mapped "{[/metrics/{name:.*}],methods=[GET],produces=[application/vnd.spring-boot.actuator.v1+json || application/json]}" onto public java.lang.Object org.springframework.boot.actuate.endpoint.mvc.MetricsMvcEndpoint.value(java.lang.String)
2017-05-21 21:28:51.893  INFO 2732 --- [main] o.s.b.a.e.mvc.EndpointHandlerMapping     : Mapped "{[/metrics || /metrics.json],methods=[GET],produces=[application/vnd.spring-boot.actuator.v1+json || application/json]}" onto public java.lang.Object org.springframework.boot.actuate.endpoint.mvc.EndpointMvcAdapter.invoke()
2017-05-21 21:28:51.895  INFO 2732 --- [main] o.s.b.a.e.mvc.EndpointHandlerMapping     : Mapped "{[/loggers/{name:.*}],methods=[GET],produces=[application/vnd.spring-boot.actuator.v1+json || application/json]}" onto public java.lang.Object org.springframework.boot.actuate.endpoint.mvc.LoggersMvcEndpoint.get(java.lang.String)
2017-05-21 21:28:51.896  INFO 2732 --- [main] o.s.b.a.e.mvc.EndpointHandlerMapping     : Mapped "{[/loggers/{name:.*}],methods=[POST],consumes=[application/vnd.spring-boot.actuator.v1+json || application/json],produces=[application/vnd.spring-boot.actuator.v1+json || application/json]}" onto public java.lang.Object org.springframework.boot.actuate.endpoint.mvc.LoggersMvcEndpoint.set(java.lang.String,java.util.Map<java.lang.String, java.lang.String>)
2017-05-21 21:28:51.896  INFO 2732 --- [main] o.s.b.a.e.mvc.EndpointHandlerMapping     : Mapped "{[/loggers || /loggers.json],methods=[GET],produces=[application/vnd.spring-boot.actuator.v1+json || application/json]}" onto public java.lang.Object org.springframework.boot.actuate.endpoint.mvc.EndpointMvcAdapter.invoke()
2017-05-21 21:28:52.070  INFO 2732 --- [main] o.s.ui.freemarker.SpringTemplateLoader   : SpringTemplateLoader for FreeMarker: using resource loader [org.springframework.boot.context.embedded.AnnotationConfigEmbeddedWebApplicationContext@e077866: startup date [Sun May 21 21:28:46 CEST 2017]; parent: org.springframework.context.annotation.AnnotationConfigApplicationContext@d35dea7] and template loader path [classpath:/templates/]
2017-05-21 21:28:52.072  INFO 2732 --- [main] o.s.w.s.v.f.FreeMarkerConfigurer         : ClassTemplateLoader for Spring macros added to FreeMarker configuration
2017-05-21 21:28:52.256  WARN 2732 --- [main] c.n.c.sources.URLConfigurationSource     : No URLs will be polled as dynamic configuration sources.
2017-05-21 21:28:52.256  INFO 2732 --- [main] c.n.c.sources.URLConfigurationSource     : To enable URLs as dynamic configuration sources, define System property archaius.configurationSource.additionalUrls or make config.properties available on classpath.
2017-05-21 21:28:52.266  WARN 2732 --- [main] c.n.c.sources.URLConfigurationSource     : No URLs will be polled as dynamic configuration sources.
2017-05-21 21:28:52.266  INFO 2732 --- [main] c.n.c.sources.URLConfigurationSource     : To enable URLs as dynamic configuration sources, define System property archaius.configurationSource.additionalUrls or make config.properties available on classpath.
2017-05-21 21:28:52.492  INFO 2732 --- [main] o.s.c.n.eureka.InstanceInfoFactory       : Setting initial instance status as: STARTING
2017-05-21 21:28:52.680  INFO 2732 --- [main] c.n.eureka.DefaultEurekaServerContext    : Initializing ...
2017-05-21 21:28:52.684  WARN 2732 --- [main] c.n.eureka.cluster.PeerEurekaNodes       : The replica size seems to be empty. Check the route 53 DNS Registry
2017-05-21 21:28:52.701  INFO 2732 --- [main] c.n.e.registry.AbstractInstanceRegistry  : Finished initializing remote region registries. All known remote regions: []
2017-05-21 21:28:52.702  INFO 2732 --- [main] c.n.eureka.DefaultEurekaServerContext    : Initialized
2017-05-21 21:28:52.800  INFO 2732 --- [main] o.s.j.e.a.AnnotationMBeanExporter        : Registering beans for JMX exposure on startup
2017-05-21 21:28:52.812  INFO 2732 --- [main] o.s.j.e.a.AnnotationMBeanExporter        : Bean with name 'environmentManager' has been autodetected for JMX exposure
2017-05-21 21:28:52.817  INFO 2732 --- [main] o.s.j.e.a.AnnotationMBeanExporter        : Bean with name 'configurationPropertiesRebinder' has been autodetected for JMX exposure
2017-05-21 21:28:52.818  INFO 2732 --- [main] o.s.j.e.a.AnnotationMBeanExporter        : Bean with name 'refreshEndpoint' has been autodetected for JMX exposure
2017-05-21 21:28:52.819  INFO 2732 --- [main] o.s.j.e.a.AnnotationMBeanExporter        : Bean with name 'restartEndpoint' has been autodetected for JMX exposure
2017-05-21 21:28:52.821  INFO 2732 --- [main] o.s.j.e.a.AnnotationMBeanExporter        : Bean with name 'serviceRegistryEndpoint' has been autodetected for JMX exposure
2017-05-21 21:28:52.822  INFO 2732 --- [main] o.s.j.e.a.AnnotationMBeanExporter        : Bean with name 'refreshScope' has been autodetected for JMX exposure
2017-05-21 21:28:52.826  INFO 2732 --- [main] o.s.j.e.a.AnnotationMBeanExporter        : Located managed bean 'environmentManager': registering with JMX server as MBean [org.springframework.cloud.context.environment:name=environmentManager,type=EnvironmentManager]
2017-05-21 21:28:52.842  INFO 2732 --- [main] o.s.j.e.a.AnnotationMBeanExporter        : Located managed bean 'restartEndpoint': registering with JMX server as MBean [org.springframework.cloud.context.restart:name=restartEndpoint,type=RestartEndpoint]
2017-05-21 21:28:52.855  INFO 2732 --- [main] o.s.j.e.a.AnnotationMBeanExporter        : Located managed bean 'serviceRegistryEndpoint': registering with JMX server as MBean [org.springframework.cloud.client.serviceregistry.endpoint:name=serviceRegistryEndpoint,type=ServiceRegistryEndpoint]
2017-05-21 21:28:52.865  INFO 2732 --- [main] o.s.j.e.a.AnnotationMBeanExporter        : Located managed bean 'refreshScope': registering with JMX server as MBean [org.springframework.cloud.context.scope.refresh:name=refreshScope,type=RefreshScope]
2017-05-21 21:28:52.878  INFO 2732 --- [main] o.s.j.e.a.AnnotationMBeanExporter        : Located managed bean 'configurationPropertiesRebinder': registering with JMX server as MBean [org.springframework.cloud.context.properties:name=configurationPropertiesRebinder,context=e077866,type=ConfigurationPropertiesRebinder]
2017-05-21 21:28:52.884  INFO 2732 --- [main] o.s.j.e.a.AnnotationMBeanExporter        : Located managed bean 'refreshEndpoint': registering with JMX server as MBean [org.springframework.cloud.endpoint:name=refreshEndpoint,type=RefreshEndpoint]
2017-05-21 21:28:53.091  INFO 2732 --- [main] o.s.c.support.DefaultLifecycleProcessor  : Starting beans in phase 0
2017-05-21 21:28:53.100  INFO 2732 --- [main] o.s.c.n.e.s.EurekaServiceRegistry        : Registering application eureka-server with eureka with status UP
2017-05-21 21:28:53.167  INFO 2732 --- [Thread-11] o.s.c.n.e.server.EurekaServerBootstrap   : Setting the eureka configuration..
2017-05-21 21:28:53.168  INFO 2732 --- [Thread-11] o.s.c.n.e.server.EurekaServerBootstrap   : Eureka data center value eureka.datacenter is not set, defaulting to default
2017-05-21 21:28:53.169  INFO 2732 --- [Thread-11] o.s.c.n.e.server.EurekaServerBootstrap   : Eureka environment value eureka.environment is not set, defaulting to test
2017-05-21 21:28:53.193  INFO 2732 --- [Thread-11] o.s.c.n.e.server.EurekaServerBootstrap   : isAws returned false
2017-05-21 21:28:53.203  INFO 2732 --- [Thread-11] o.s.c.n.e.server.EurekaServerBootstrap   : Initialized server context
2017-05-21 21:28:53.203  INFO 2732 --- [Thread-11] c.n.e.r.PeerAwareInstanceRegistryImpl    : Got 1 instances from neighboring DS node
2017-05-21 21:28:53.203  INFO 2732 --- [Thread-11] c.n.e.r.PeerAwareInstanceRegistryImpl    : Renew threshold is: 1
2017-05-21 21:28:53.203  INFO 2732 --- [Thread-11] c.n.e.r.PeerAwareInstanceRegistryImpl    : Changing status to UP
2017-05-21 21:28:53.216  INFO 2732 --- [Thread-11] e.s.EurekaServerInitializerConfiguration : Started Eureka Server
2017-05-21 21:28:53.251  INFO 2732 --- [main] b.c.e.u.UndertowEmbeddedServletContainer : Undertow started on port(s) 1111 (http)
2017-05-21 21:28:53.253  INFO 2732 --- [main] .s.c.n.e.s.EurekaAutoServiceRegistration : Updating port to 1111
2017-05-21 21:28:53.258  INFO 2732 --- [main] com.fastest.server.registry.Application  : Started Application in 12.641 seconds (JVM running for 13.237)
